2020-04-17 09:55:54 INFO  restartedMain com.ylsoft.SpringbootApplication Starting SpringbootApplication on PC02-2016 with PID 8992 (F:\workspace\springboot\target\classes started by Administrator in F:\workspace\springboot)
2020-04-17 09:55:54 INFO  restartedMain com.ylsoft.SpringbootApplication No active profile set, falling back to default profiles: default
2020-04-17 09:55:54 INFO  restartedMain org.springframework.boot.web.embedded.tomcat.TomcatWebServer Tomcat initialized with port(s): 9999 (http)
2020-04-17 09:55:54 INFO  restartedMain org.apache.catalina.core.StandardService Starting service [Tomcat]
2020-04-17 09:55:54 INFO  restartedMain org.apache.catalina.core.StandardEngine Starting Servlet engine: [Apache Tomcat/9.0.33]
2020-04-17 09:55:54 INFO  restartedMain org.apache.catalina.core.ContainerBase.[Tomcat].[localhost].[/] Initializing Spring embedded WebApplicationContext
2020-04-17 09:55:54 INFO  restartedMain org.springframework.web.context.ContextLoader Root WebApplicationContext: initialization completed in 346 ms
2020-04-17 09:55:54 INFO  restartedMain org.springframework.scheduling.concurrent.ThreadPoolTaskExecutor Initializing ExecutorService 'applicationTaskExecutor'
2020-04-17 09:55:54 INFO  restartedMain org.springframework.boot.devtools.autoconfigure.OptionalLiveReloadServer LiveReload server is running on port 35729
2020-04-17 09:55:54 INFO  restartedMain org.springframework.boot.web.embedded.tomcat.TomcatWebServer Tomcat started on port(s): 9999 (http) with context path ''
2020-04-17 09:55:54 INFO  restartedMain com.ylsoft.SpringbootApplication Started SpringbootApplication in 0.81 seconds (JVM running for 708.9)
2020-04-17 09:55:54 INFO  restartedMain org.springframework.boot.devtools.autoconfigure.ConditionEvaluationDeltaLoggingListener Condition evaluation unchanged
2020-04-17 09:56:52 INFO  Thread-14 org.springframework.scheduling.concurrent.ThreadPoolTaskExecutor Shutting down ExecutorService 'applicationTaskExecutor'
2020-04-17 09:56:52 INFO  restartedMain com.ylsoft.SpringbootApplication Starting SpringbootApplication on PC02-2016 with PID 8992 (F:\workspace\springboot\target\classes started by Administrator in F:\workspace\springboot)
2020-04-17 09:56:52 INFO  restartedMain com.ylsoft.SpringbootApplication No active profile set, falling back to default profiles: default
2020-04-17 09:56:53 INFO  restartedMain org.springframework.boot.web.embedded.tomcat.TomcatWebServer Tomcat initialized with port(s): 9999 (http)
2020-04-17 09:56:53 INFO  restartedMain org.apache.catalina.core.StandardService Starting service [Tomcat]
2020-04-17 09:56:53 INFO  restartedMain org.apache.catalina.core.StandardEngine Starting Servlet engine: [Apache Tomcat/9.0.33]
2020-04-17 09:56:53 INFO  restartedMain org.apache.catalina.core.ContainerBase.[Tomcat].[localhost].[/] Initializing Spring embedded WebApplicationContext
2020-04-17 09:56:53 INFO  restartedMain org.springframework.web.context.ContextLoader Root WebApplicationContext: initialization completed in 459 ms
2020-04-17 09:56:53 INFO  restartedMain org.springframework.scheduling.concurrent.ThreadPoolTaskExecutor Initializing ExecutorService 'applicationTaskExecutor'
2020-04-17 09:56:53 INFO  restartedMain org.springframework.boot.devtools.autoconfigure.OptionalLiveReloadServer LiveReload server is running on port 35729
2020-04-17 09:56:53 INFO  restartedMain org.springframework.boot.web.embedded.tomcat.TomcatWebServer Tomcat started on port(s): 9999 (http) with context path ''
2020-04-17 09:56:53 INFO  restartedMain com.ylsoft.SpringbootApplication Started SpringbootApplication in 0.829 seconds (JVM running for 767.518)
2020-04-17 09:56:53 INFO  restartedMain org.springframework.boot.devtools.autoconfigure.ConditionEvaluationDeltaLoggingListener Condition evaluation unchanged
