2020-04-17 10:34:45.269 [restartedMain] INFO  com.ylsoft.SpringbootApplication[50] - Starting SpringbootApplication on PC02-2016 with PID 9612 (F:\workspace\springboot\target\classes started by Administrator in F:\workspace\springboot)
2020-04-17 10:34:45.274 [restartedMain] INFO  com.ylsoft.SpringbootApplication[50] - No active profile set, falling back to default profiles: default
2020-04-17 10:34:45.509 [restartedMain] INFO  org.springframework.boot.devtools.env.DevToolsPropertyDefaultsPostProcessor[50] - Devtools property defaults active! Set 'spring.devtools.add-properties' to 'false' to disable
2020-04-17 10:34:45.510 [restartedMain] INFO  org.springframework.boot.devtools.env.DevToolsPropertyDefaultsPostProcessor[50] - For additional web related logging consider setting the 'logging.level.web' property to 'DEBUG'
2020-04-17 10:34:47.880 [restartedMain] INFO  org.springframework.boot.web.embedded.tomcat.TomcatWebServer[50] - Tomcat initialized with port(s): 9999 (http)
2020-04-17 10:34:47.902 [restartedMain] INFO  org.apache.coyote.http11.Http11NioProtocol[50] - Initializing ProtocolHandler ["http-nio-9999"]
2020-04-17 10:34:47.904 [restartedMain] INFO  org.apache.catalina.core.StandardService[50] - Starting service [Tomcat]
2020-04-17 10:34:47.904 [restartedMain] INFO  org.apache.catalina.core.StandardEngine[50] - Starting Servlet engine: [Apache Tomcat/9.0.33]
2020-04-17 10:34:48.020 [restartedMain] INFO  org.apache.catalina.core.ContainerBase.[Tomcat].[localhost].[/][50] - Initializing Spring embedded WebApplicationContext
2020-04-17 10:34:48.021 [restartedMain] INFO  org.springframework.web.context.ContextLoader[50] - Root WebApplicationContext: initialization completed in 2510 ms
2020-04-17 10:34:48.379 [restartedMain] INFO  org.springframework.scheduling.concurrent.ThreadPoolTaskExecutor[50] - Initializing ExecutorService 'applicationTaskExecutor'
2020-04-17 10:34:48.636 [restartedMain] INFO  org.springframework.boot.devtools.autoconfigure.OptionalLiveReloadServer[50] - LiveReload server is running on port 35729
2020-04-17 10:34:48.668 [restartedMain] INFO  org.apache.coyote.http11.Http11NioProtocol[50] - Starting ProtocolHandler ["http-nio-9999"]
2020-04-17 10:34:48.700 [restartedMain] INFO  org.springframework.boot.web.embedded.tomcat.TomcatWebServer[50] - Tomcat started on port(s): 9999 (http) with context path ''
2020-04-17 10:34:48.705 [restartedMain] INFO  com.ylsoft.SpringbootApplication[50] - Started SpringbootApplication in 4.216 seconds (JVM running for 5.024)
2020-04-17 10:37:04.399 [restartedMain] INFO  com.ylsoft.SpringbootApplication[50] - Starting SpringbootApplication on PC02-2016 with PID 14212 (F:\workspace\springboot\target\classes started by Administrator in F:\workspace\springboot)
2020-04-17 10:37:04.403 [restartedMain] INFO  com.ylsoft.SpringbootApplication[50] - No active profile set, falling back to default profiles: default
2020-04-17 10:37:04.594 [restartedMain] INFO  org.springframework.boot.devtools.env.DevToolsPropertyDefaultsPostProcessor[50] - Devtools property defaults active! Set 'spring.devtools.add-properties' to 'false' to disable
2020-04-17 10:37:04.594 [restartedMain] INFO  org.springframework.boot.devtools.env.DevToolsPropertyDefaultsPostProcessor[50] - For additional web related logging consider setting the 'logging.level.web' property to 'DEBUG'
2020-04-17 10:37:06.675 [restartedMain] INFO  org.springframework.boot.web.embedded.tomcat.TomcatWebServer[50] - Tomcat initialized with port(s): 9999 (http)
2020-04-17 10:37:06.688 [restartedMain] INFO  org.apache.coyote.http11.Http11NioProtocol[50] - Initializing ProtocolHandler ["http-nio-9999"]
2020-04-17 10:37:06.689 [restartedMain] INFO  org.apache.catalina.core.StandardService[50] - Starting service [Tomcat]
2020-04-17 10:37:06.689 [restartedMain] INFO  org.apache.catalina.core.StandardEngine[50] - Starting Servlet engine: [Apache Tomcat/9.0.33]
2020-04-17 10:37:06.819 [restartedMain] INFO  org.apache.catalina.core.ContainerBase.[Tomcat].[localhost].[/][50] - Initializing Spring embedded WebApplicationContext
2020-04-17 10:37:06.820 [restartedMain] INFO  org.springframework.web.context.ContextLoader[50] - Root WebApplicationContext: initialization completed in 2225 ms
2020-04-17 10:37:07.175 [restartedMain] INFO  org.springframework.scheduling.concurrent.ThreadPoolTaskExecutor[50] - Initializing ExecutorService 'applicationTaskExecutor'
2020-04-17 10:37:07.420 [restartedMain] INFO  org.springframework.boot.devtools.autoconfigure.OptionalLiveReloadServer[50] - LiveReload server is running on port 35729
2020-04-17 10:37:07.450 [restartedMain] INFO  org.apache.coyote.http11.Http11NioProtocol[50] - Starting ProtocolHandler ["http-nio-9999"]
2020-04-17 10:37:07.489 [restartedMain] INFO  org.springframework.boot.web.embedded.tomcat.TomcatWebServer[50] - Tomcat started on port(s): 9999 (http) with context path ''
2020-04-17 10:37:07.492 [restartedMain] INFO  com.ylsoft.SpringbootApplication[50] - Started SpringbootApplication in 3.804 seconds (JVM running for 4.645)
2020-04-17 10:38:52.946 [Thread-6] INFO  org.springframework.scheduling.concurrent.ThreadPoolTaskExecutor[50] - Shutting down ExecutorService 'applicationTaskExecutor'
2020-04-17 10:39:45.908 [restartedMain] INFO  com.ylsoft.SpringbootApplication - Starting SpringbootApplication on PC02-2016 with PID 13944 (F:\workspace\springboot\target\classes started by Administrator in F:\workspace\springboot)
2020-04-17 10:39:45.913 [restartedMain] INFO  com.ylsoft.SpringbootApplication - No active profile set, falling back to default profiles: default
2020-04-17 10:39:46.114 [restartedMain] INFO  o.s.b.d.env.DevToolsPropertyDefaultsPostProcessor - Devtools property defaults active! Set 'spring.devtools.add-properties' to 'false' to disable
2020-04-17 10:39:46.115 [restartedMain] INFO  o.s.b.d.env.DevToolsPropertyDefaultsPostProcessor - For additional web related logging consider setting the 'logging.level.web' property to 'DEBUG'
2020-04-17 10:39:48.382 [restartedMain] INFO  o.s.boot.web.embedded.tomcat.TomcatWebServer - Tomcat initialized with port(s): 9999 (http)
2020-04-17 10:39:48.409 [restartedMain] INFO  org.apache.coyote.http11.Http11NioProtocol - Initializing ProtocolHandler ["http-nio-9999"]
2020-04-17 10:39:48.410 [restartedMain] INFO  org.apache.catalina.core.StandardService - Starting service [Tomcat]
2020-04-17 10:39:48.419 [restartedMain] INFO  org.apache.catalina.core.StandardEngine - Starting Servlet engine: [Apache Tomcat/9.0.33]
2020-04-17 10:39:48.560 [restartedMain] INFO  o.a.c.core.ContainerBase.[Tomcat].[localhost].[/] - Initializing Spring embedded WebApplicationContext
2020-04-17 10:39:48.560 [restartedMain] INFO  org.springframework.web.context.ContextLoader - Root WebApplicationContext: initialization completed in 2444 ms
2020-04-17 10:39:48.876 [restartedMain] INFO  o.s.scheduling.concurrent.ThreadPoolTaskExecutor - Initializing ExecutorService 'applicationTaskExecutor'
2020-04-17 10:39:49.116 [restartedMain] INFO  o.s.b.d.autoconfigure.OptionalLiveReloadServer - LiveReload server is running on port 35729
2020-04-17 10:39:49.160 [restartedMain] INFO  org.apache.coyote.http11.Http11NioProtocol - Starting ProtocolHandler ["http-nio-9999"]
2020-04-17 10:39:49.192 [restartedMain] INFO  o.s.boot.web.embedded.tomcat.TomcatWebServer - Tomcat started on port(s): 9999 (http) with context path ''
2020-04-17 10:39:49.197 [restartedMain] INFO  com.ylsoft.SpringbootApplication - Started SpringbootApplication in 4.042 seconds (JVM running for 4.87)
2020-04-17 10:40:14.542 [Thread-6] INFO  o.s.scheduling.concurrent.ThreadPoolTaskExecutor - Shutting down ExecutorService 'applicationTaskExecutor'
2020-04-17 10:51:31.843 [restartedMain] INFO  com.ylsoft.SpringbootApplication - Starting SpringbootApplication on PC02-2016 with PID 11116 (F:\workspace\springboot\target\classes started by Administrator in F:\workspace\springboot)
2020-04-17 10:51:31.847 [restartedMain] INFO  com.ylsoft.SpringbootApplication - The following profiles are active: ${profile}
2020-04-17 10:51:31.974 [restartedMain] INFO  o.s.b.d.env.DevToolsPropertyDefaultsPostProcessor - Devtools property defaults active! Set 'spring.devtools.add-properties' to 'false' to disable
2020-04-17 10:51:31.974 [restartedMain] INFO  o.s.b.d.env.DevToolsPropertyDefaultsPostProcessor - For additional web related logging consider setting the 'logging.level.web' property to 'DEBUG'
2020-04-17 10:51:34.505 [restartedMain] INFO  o.s.boot.web.embedded.tomcat.TomcatWebServer - Tomcat initialized with port(s): 8808 (http)
2020-04-17 10:51:34.520 [restartedMain] INFO  org.apache.coyote.http11.Http11NioProtocol - Initializing ProtocolHandler ["http-nio-8808"]
2020-04-17 10:51:34.521 [restartedMain] INFO  org.apache.catalina.core.StandardService - Starting service [Tomcat]
2020-04-17 10:51:34.521 [restartedMain] INFO  org.apache.catalina.core.StandardEngine - Starting Servlet engine: [Apache Tomcat/9.0.33]
2020-04-17 10:51:34.630 [restartedMain] INFO  o.a.c.core.ContainerBase.[Tomcat].[localhost].[/] - Initializing Spring embedded WebApplicationContext
2020-04-17 10:51:34.631 [restartedMain] INFO  org.springframework.web.context.ContextLoader - Root WebApplicationContext: initialization completed in 2656 ms
2020-04-17 10:51:34.946 [restartedMain] INFO  o.s.scheduling.concurrent.ThreadPoolTaskExecutor - Initializing ExecutorService 'applicationTaskExecutor'
2020-04-17 10:51:35.200 [restartedMain] INFO  o.s.b.d.autoconfigure.OptionalLiveReloadServer - LiveReload server is running on port 35729
2020-04-17 10:51:35.237 [restartedMain] INFO  org.apache.coyote.http11.Http11NioProtocol - Starting ProtocolHandler ["http-nio-8808"]
2020-04-17 10:51:35.270 [restartedMain] INFO  o.s.boot.web.embedded.tomcat.TomcatWebServer - Tomcat started on port(s): 8808 (http) with context path ''
2020-04-17 10:51:35.276 [restartedMain] INFO  com.ylsoft.SpringbootApplication - Started SpringbootApplication in 4.118 seconds (JVM running for 4.957)
2020-04-17 10:52:19.256 [restartedMain] INFO  com.ylsoft.SpringbootApplication - Starting SpringbootApplication on PC02-2016 with PID 11960 (F:\workspace\springboot\target\classes started by Administrator in F:\workspace\springboot)
2020-04-17 10:52:19.259 [restartedMain] INFO  com.ylsoft.SpringbootApplication - The following profiles are active: ${profile}
2020-04-17 10:52:19.408 [restartedMain] INFO  o.s.b.d.env.DevToolsPropertyDefaultsPostProcessor - Devtools property defaults active! Set 'spring.devtools.add-properties' to 'false' to disable
2020-04-17 10:52:19.409 [restartedMain] INFO  o.s.b.d.env.DevToolsPropertyDefaultsPostProcessor - For additional web related logging consider setting the 'logging.level.web' property to 'DEBUG'
2020-04-17 10:52:21.676 [restartedMain] INFO  o.s.boot.web.embedded.tomcat.TomcatWebServer - Tomcat initialized with port(s): 8080 (http)
2020-04-17 10:52:21.707 [restartedMain] INFO  org.apache.coyote.http11.Http11NioProtocol - Initializing ProtocolHandler ["http-nio-8080"]
2020-04-17 10:52:21.709 [restartedMain] INFO  org.apache.catalina.core.StandardService - Starting service [Tomcat]
2020-04-17 10:52:21.709 [restartedMain] INFO  org.apache.catalina.core.StandardEngine - Starting Servlet engine: [Apache Tomcat/9.0.33]
2020-04-17 10:52:21.916 [restartedMain] INFO  o.a.c.core.ContainerBase.[Tomcat].[localhost].[/] - Initializing Spring embedded WebApplicationContext
2020-04-17 10:52:21.916 [restartedMain] INFO  org.springframework.web.context.ContextLoader - Root WebApplicationContext: initialization completed in 2507 ms
2020-04-17 10:52:22.178 [restartedMain] WARN  o.s.b.w.s.c.AnnotationConfigServletWebServerApplicationContext - Exception encountered during context initialization - cancelling refresh attempt: org.springframework.beans.factory.BeanCreationException: Error creating bean with name 'helloController': Injection of autowired dependencies failed; nested exception is java.lang.IllegalArgumentException: Could not resolve placeholder 'msg' in value "${msg}"
2020-04-17 10:52:22.187 [restartedMain] INFO  org.apache.catalina.core.StandardService - Stopping service [Tomcat]
2020-04-17 10:52:22.223 [restartedMain] INFO  o.s.b.a.l.ConditionEvaluationReportLoggingListener - 

Error starting ApplicationContext. To display the conditions report re-run your application with 'debug' enabled.
2020-04-17 10:52:22.228 [restartedMain] ERROR org.springframework.boot.SpringApplication - Application run failed
org.springframework.beans.factory.BeanCreationException: Error creating bean with name 'helloController': Injection of autowired dependencies failed; nested exception is java.lang.IllegalArgumentException: Could not resolve placeholder 'msg' in value "${msg}"
	at org.springframework.beans.factory.annotation.AutowiredAnnotationBeanPostProcessor.postProcessProperties(AutowiredAnnotationBeanPostProcessor.java:405)
	at org.springframework.beans.factory.support.AbstractAutowireCapableBeanFactory.populateBean(AbstractAutowireCapableBeanFactory.java:1422)
	at org.springframework.beans.factory.support.AbstractAutowireCapableBeanFactory.doCreateBean(AbstractAutowireCapableBeanFactory.java:594)
	at org.springframework.beans.factory.support.AbstractAutowireCapableBeanFactory.createBean(AbstractAutowireCapableBeanFactory.java:517)
	at org.springframework.beans.factory.support.AbstractBeanFactory.lambda$doGetBean$0(AbstractBeanFactory.java:323)
	at org.springframework.beans.factory.support.DefaultSingletonBeanRegistry.getSingleton(DefaultSingletonBeanRegistry.java:222)
	at org.springframework.beans.factory.support.AbstractBeanFactory.doGetBean(AbstractBeanFactory.java:321)
	at org.springframework.beans.factory.support.AbstractBeanFactory.getBean(AbstractBeanFactory.java:202)
	at org.springframework.beans.factory.support.DefaultListableBeanFactory.preInstantiateSingletons(DefaultListableBeanFactory.java:882)
	at org.springframework.context.support.AbstractApplicationContext.finishBeanFactoryInitialization(AbstractApplicationContext.java:878)
	at org.springframework.context.support.AbstractApplicationContext.refresh(AbstractApplicationContext.java:550)
	at org.springframework.boot.web.servlet.context.ServletWebServerApplicationContext.refresh(ServletWebServerApplicationContext.java:141)
	at org.springframework.boot.SpringApplication.refresh(SpringApplication.java:747)
	at org.springframework.boot.SpringApplication.refreshContext(SpringApplication.java:397)
	at org.springframework.boot.SpringApplication.run(SpringApplication.java:315)
	at org.springframework.boot.SpringApplication.run(SpringApplication.java:1226)
	at org.springframework.boot.SpringApplication.run(SpringApplication.java:1215)
	at com.ylsoft.SpringbootApplication.main(SpringbootApplication.java:10)
	at sun.reflect.NativeMethodAccessorImpl.invoke0(Native Method)
	at sun.reflect.NativeMethodAccessorImpl.invoke(NativeMethodAccessorImpl.java:62)
	at sun.reflect.DelegatingMethodAccessorImpl.invoke(DelegatingMethodAccessorImpl.java:43)
	at java.lang.reflect.Method.invoke(Method.java:498)
	at org.springframework.boot.devtools.restart.RestartLauncher.run(RestartLauncher.java:49)
Caused by: java.lang.IllegalArgumentException: Could not resolve placeholder 'msg' in value "${msg}"
	at org.springframework.util.PropertyPlaceholderHelper.parseStringValue(PropertyPlaceholderHelper.java:178)
	at org.springframework.util.PropertyPlaceholderHelper.replacePlaceholders(PropertyPlaceholderHelper.java:124)
	at org.springframework.core.env.AbstractPropertyResolver.doResolvePlaceholders(AbstractPropertyResolver.java:236)
	at org.springframework.core.env.AbstractPropertyResolver.resolveRequiredPlaceholders(AbstractPropertyResolver.java:210)
	at org.springframework.context.support.PropertySourcesPlaceholderConfigurer.lambda$processProperties$0(PropertySourcesPlaceholderConfigurer.java:175)
	at org.springframework.beans.factory.support.AbstractBeanFactory.resolveEmbeddedValue(AbstractBeanFactory.java:909)
	at org.springframework.beans.factory.support.DefaultListableBeanFactory.doResolveDependency(DefaultListableBeanFactory.java:1231)
	at org.springframework.beans.factory.support.DefaultListableBeanFactory.resolveDependency(DefaultListableBeanFactory.java:1210)
	at org.springframework.beans.factory.annotation.AutowiredAnnotationBeanPostProcessor$AutowiredFieldElement.inject(AutowiredAnnotationBeanPostProcessor.java:640)
	at org.springframework.beans.factory.annotation.InjectionMetadata.inject(InjectionMetadata.java:130)
	at org.springframework.beans.factory.annotation.AutowiredAnnotationBeanPostProcessor.postProcessProperties(AutowiredAnnotationBeanPostProcessor.java:399)
	... 22 common frames omitted
2020-04-17 11:05:57.091 [restartedMain] INFO  com.ylsoft.SpringbootApplication - Starting SpringbootApplication on PC02-2016 with PID 11496 (F:\workspace\springboot\target\classes started by Administrator in F:\workspace\springboot)
2020-04-17 11:05:57.095 [restartedMain] INFO  com.ylsoft.SpringbootApplication - The following profiles are active: prod
2020-04-17 11:05:57.202 [restartedMain] INFO  o.s.b.d.env.DevToolsPropertyDefaultsPostProcessor - Devtools property defaults active! Set 'spring.devtools.add-properties' to 'false' to disable
2020-04-17 11:05:57.203 [restartedMain] INFO  o.s.b.d.env.DevToolsPropertyDefaultsPostProcessor - For additional web related logging consider setting the 'logging.level.web' property to 'DEBUG'
2020-04-17 11:05:59.256 [restartedMain] INFO  o.s.boot.web.embedded.tomcat.TomcatWebServer - Tomcat initialized with port(s): 9000 (http)
2020-04-17 11:05:59.273 [restartedMain] INFO  org.apache.coyote.http11.Http11NioProtocol - Initializing ProtocolHandler ["http-nio-9000"]
2020-04-17 11:05:59.274 [restartedMain] INFO  org.apache.catalina.core.StandardService - Starting service [Tomcat]
2020-04-17 11:05:59.274 [restartedMain] INFO  org.apache.catalina.core.StandardEngine - Starting Servlet engine: [Apache Tomcat/9.0.33]
2020-04-17 11:05:59.371 [restartedMain] INFO  o.a.c.core.ContainerBase.[Tomcat].[localhost].[/] - Initializing Spring embedded WebApplicationContext
2020-04-17 11:05:59.371 [restartedMain] INFO  org.springframework.web.context.ContextLoader - Root WebApplicationContext: initialization completed in 2167 ms
2020-04-17 11:05:59.678 [restartedMain] INFO  o.s.scheduling.concurrent.ThreadPoolTaskExecutor - Initializing ExecutorService 'applicationTaskExecutor'
2020-04-17 11:05:59.940 [restartedMain] INFO  o.s.b.d.autoconfigure.OptionalLiveReloadServer - LiveReload server is running on port 35729
2020-04-17 11:05:59.971 [restartedMain] INFO  org.apache.coyote.http11.Http11NioProtocol - Starting ProtocolHandler ["http-nio-9000"]
2020-04-17 11:05:59.990 [restartedMain] INFO  org.apache.coyote.http11.Http11NioProtocol - Pausing ProtocolHandler ["http-nio-9000"]
2020-04-17 11:05:59.990 [restartedMain] INFO  org.apache.catalina.core.StandardService - Stopping service [Tomcat]
2020-04-17 11:05:59.995 [restartedMain] INFO  org.apache.coyote.http11.Http11NioProtocol - Stopping ProtocolHandler ["http-nio-9000"]
2020-04-17 11:05:59.996 [restartedMain] INFO  org.apache.coyote.http11.Http11NioProtocol - Destroying ProtocolHandler ["http-nio-9000"]
2020-04-17 11:05:59.999 [restartedMain] INFO  o.s.b.a.l.ConditionEvaluationReportLoggingListener - 

Error starting ApplicationContext. To display the conditions report re-run your application with 'debug' enabled.
2020-04-17 11:06:00.002 [restartedMain] ERROR o.s.b.diagnostics.LoggingFailureAnalysisReporter - 

***************************
APPLICATION FAILED TO START
***************************

Description:

Web server failed to start. Port 9000 was already in use.

Action:

Identify and stop the process that's listening on port 9000 or configure this application to listen on another port.

2020-04-17 11:06:00.007 [restartedMain] INFO  o.s.scheduling.concurrent.ThreadPoolTaskExecutor - Shutting down ExecutorService 'applicationTaskExecutor'
2020-04-17 11:06:39.090 [restartedMain] INFO  com.ylsoft.SpringbootApplication - Starting SpringbootApplication on PC02-2016 with PID 13948 (F:\workspace\springboot\target\classes started by Administrator in F:\workspace\springboot)
2020-04-17 11:06:39.095 [restartedMain] INFO  com.ylsoft.SpringbootApplication - The following profiles are active: prod
2020-04-17 11:06:39.194 [restartedMain] INFO  o.s.b.d.env.DevToolsPropertyDefaultsPostProcessor - Devtools property defaults active! Set 'spring.devtools.add-properties' to 'false' to disable
2020-04-17 11:06:39.195 [restartedMain] INFO  o.s.b.d.env.DevToolsPropertyDefaultsPostProcessor - For additional web related logging consider setting the 'logging.level.web' property to 'DEBUG'
2020-04-17 11:06:41.063 [restartedMain] INFO  o.s.boot.web.embedded.tomcat.TomcatWebServer - Tomcat initialized with port(s): 8010 (http)
2020-04-17 11:06:41.079 [restartedMain] INFO  org.apache.coyote.http11.Http11NioProtocol - Initializing ProtocolHandler ["http-nio-8010"]
2020-04-17 11:06:41.080 [restartedMain] INFO  org.apache.catalina.core.StandardService - Starting service [Tomcat]
2020-04-17 11:06:41.080 [restartedMain] INFO  org.apache.catalina.core.StandardEngine - Starting Servlet engine: [Apache Tomcat/9.0.33]
2020-04-17 11:06:41.190 [restartedMain] INFO  o.a.c.core.ContainerBase.[Tomcat].[localhost].[/] - Initializing Spring embedded WebApplicationContext
2020-04-17 11:06:41.191 [restartedMain] INFO  org.springframework.web.context.ContextLoader - Root WebApplicationContext: initialization completed in 1995 ms
2020-04-17 11:06:41.491 [restartedMain] INFO  o.s.scheduling.concurrent.ThreadPoolTaskExecutor - Initializing ExecutorService 'applicationTaskExecutor'
2020-04-17 11:06:41.725 [restartedMain] INFO  o.s.b.d.autoconfigure.OptionalLiveReloadServer - LiveReload server is running on port 35729
2020-04-17 11:06:41.765 [restartedMain] INFO  org.apache.coyote.http11.Http11NioProtocol - Starting ProtocolHandler ["http-nio-8010"]
2020-04-17 11:06:41.802 [restartedMain] INFO  o.s.boot.web.embedded.tomcat.TomcatWebServer - Tomcat started on port(s): 8010 (http) with context path ''
2020-04-17 11:06:41.806 [restartedMain] INFO  com.ylsoft.SpringbootApplication - Started SpringbootApplication in 3.285 seconds (JVM running for 4.045)
2020-04-17 11:07:17.703 [restartedMain] INFO  com.ylsoft.SpringbootApplication - Starting SpringbootApplication on PC02-2016 with PID 13980 (F:\workspace\springboot\target\classes started by Administrator in F:\workspace\springboot)
2020-04-17 11:07:17.707 [restartedMain] INFO  com.ylsoft.SpringbootApplication - The following profiles are active: dev
2020-04-17 11:07:17.814 [restartedMain] INFO  o.s.b.d.env.DevToolsPropertyDefaultsPostProcessor - Devtools property defaults active! Set 'spring.devtools.add-properties' to 'false' to disable
2020-04-17 11:07:17.814 [restartedMain] INFO  o.s.b.d.env.DevToolsPropertyDefaultsPostProcessor - For additional web related logging consider setting the 'logging.level.web' property to 'DEBUG'
2020-04-17 11:07:19.729 [restartedMain] INFO  o.s.boot.web.embedded.tomcat.TomcatWebServer - Tomcat initialized with port(s): 8000 (http)
2020-04-17 11:07:19.747 [restartedMain] INFO  org.apache.coyote.http11.Http11NioProtocol - Initializing ProtocolHandler ["http-nio-8000"]
2020-04-17 11:07:19.748 [restartedMain] INFO  org.apache.catalina.core.StandardService - Starting service [Tomcat]
2020-04-17 11:07:19.749 [restartedMain] INFO  org.apache.catalina.core.StandardEngine - Starting Servlet engine: [Apache Tomcat/9.0.33]
2020-04-17 11:07:19.849 [restartedMain] INFO  o.a.c.core.ContainerBase.[Tomcat].[localhost].[/] - Initializing Spring embedded WebApplicationContext
2020-04-17 11:07:19.850 [restartedMain] INFO  org.springframework.web.context.ContextLoader - Root WebApplicationContext: initialization completed in 2035 ms
2020-04-17 11:07:20.164 [restartedMain] INFO  o.s.scheduling.concurrent.ThreadPoolTaskExecutor - Initializing ExecutorService 'applicationTaskExecutor'
2020-04-17 11:07:20.427 [restartedMain] INFO  o.s.b.d.autoconfigure.OptionalLiveReloadServer - LiveReload server is running on port 35729
2020-04-17 11:07:20.457 [restartedMain] INFO  org.apache.coyote.http11.Http11NioProtocol - Starting ProtocolHandler ["http-nio-8000"]
2020-04-17 11:07:20.493 [restartedMain] INFO  o.s.boot.web.embedded.tomcat.TomcatWebServer - Tomcat started on port(s): 8000 (http) with context path ''
2020-04-17 11:07:20.498 [restartedMain] INFO  com.ylsoft.SpringbootApplication - Started SpringbootApplication in 3.349 seconds (JVM running for 4.123)
2020-04-17 11:07:49.398 [restartedMain] INFO  com.ylsoft.SpringbootApplication - Starting SpringbootApplication on PC02-2016 with PID 6944 (F:\workspace\springboot\target\classes started by Administrator in F:\workspace\springboot)
2020-04-17 11:07:49.403 [restartedMain] INFO  com.ylsoft.SpringbootApplication - The following profiles are active: ${profile}
2020-04-17 11:07:49.552 [restartedMain] INFO  o.s.b.d.env.DevToolsPropertyDefaultsPostProcessor - Devtools property defaults active! Set 'spring.devtools.add-properties' to 'false' to disable
2020-04-17 11:07:49.553 [restartedMain] INFO  o.s.b.d.env.DevToolsPropertyDefaultsPostProcessor - For additional web related logging consider setting the 'logging.level.web' property to 'DEBUG'
2020-04-17 11:07:51.673 [restartedMain] INFO  o.s.boot.web.embedded.tomcat.TomcatWebServer - Tomcat initialized with port(s): 8080 (http)
2020-04-17 11:07:51.691 [restartedMain] INFO  org.apache.coyote.http11.Http11NioProtocol - Initializing ProtocolHandler ["http-nio-8080"]
2020-04-17 11:07:51.692 [restartedMain] INFO  org.apache.catalina.core.StandardService - Starting service [Tomcat]
2020-04-17 11:07:51.692 [restartedMain] INFO  org.apache.catalina.core.StandardEngine - Starting Servlet engine: [Apache Tomcat/9.0.33]
2020-04-17 11:07:51.800 [restartedMain] INFO  o.a.c.core.ContainerBase.[Tomcat].[localhost].[/] - Initializing Spring embedded WebApplicationContext
2020-04-17 11:07:51.800 [restartedMain] INFO  org.springframework.web.context.ContextLoader - Root WebApplicationContext: initialization completed in 2247 ms
2020-04-17 11:07:51.889 [restartedMain] WARN  o.s.b.w.s.c.AnnotationConfigServletWebServerApplicationContext - Exception encountered during context initialization - cancelling refresh attempt: org.springframework.beans.factory.BeanCreationException: Error creating bean with name 'helloController': Injection of autowired dependencies failed; nested exception is java.lang.IllegalArgumentException: Could not resolve placeholder 'msg' in value "${msg}"
2020-04-17 11:07:51.895 [restartedMain] INFO  org.apache.catalina.core.StandardService - Stopping service [Tomcat]
2020-04-17 11:07:51.916 [restartedMain] INFO  o.s.b.a.l.ConditionEvaluationReportLoggingListener - 

Error starting ApplicationContext. To display the conditions report re-run your application with 'debug' enabled.
2020-04-17 11:07:51.922 [restartedMain] ERROR org.springframework.boot.SpringApplication - Application run failed
org.springframework.beans.factory.BeanCreationException: Error creating bean with name 'helloController': Injection of autowired dependencies failed; nested exception is java.lang.IllegalArgumentException: Could not resolve placeholder 'msg' in value "${msg}"
	at org.springframework.beans.factory.annotation.AutowiredAnnotationBeanPostProcessor.postProcessProperties(AutowiredAnnotationBeanPostProcessor.java:405)
	at org.springframework.beans.factory.support.AbstractAutowireCapableBeanFactory.populateBean(AbstractAutowireCapableBeanFactory.java:1422)
	at org.springframework.beans.factory.support.AbstractAutowireCapableBeanFactory.doCreateBean(AbstractAutowireCapableBeanFactory.java:594)
	at org.springframework.beans.factory.support.AbstractAutowireCapableBeanFactory.createBean(AbstractAutowireCapableBeanFactory.java:517)
	at org.springframework.beans.factory.support.AbstractBeanFactory.lambda$doGetBean$0(AbstractBeanFactory.java:323)
	at org.springframework.beans.factory.support.DefaultSingletonBeanRegistry.getSingleton(DefaultSingletonBeanRegistry.java:222)
	at org.springframework.beans.factory.support.AbstractBeanFactory.doGetBean(AbstractBeanFactory.java:321)
	at org.springframework.beans.factory.support.AbstractBeanFactory.getBean(AbstractBeanFactory.java:202)
	at org.springframework.beans.factory.support.DefaultListableBeanFactory.preInstantiateSingletons(DefaultListableBeanFactory.java:882)
	at org.springframework.context.support.AbstractApplicationContext.finishBeanFactoryInitialization(AbstractApplicationContext.java:878)
	at org.springframework.context.support.AbstractApplicationContext.refresh(AbstractApplicationContext.java:550)
	at org.springframework.boot.web.servlet.context.ServletWebServerApplicationContext.refresh(ServletWebServerApplicationContext.java:141)
	at org.springframework.boot.SpringApplication.refresh(SpringApplication.java:747)
	at org.springframework.boot.SpringApplication.refreshContext(SpringApplication.java:397)
	at org.springframework.boot.SpringApplication.run(SpringApplication.java:315)
	at org.springframework.boot.SpringApplication.run(SpringApplication.java:1226)
	at org.springframework.boot.SpringApplication.run(SpringApplication.java:1215)
	at com.ylsoft.SpringbootApplication.main(SpringbootApplication.java:10)
	at sun.reflect.NativeMethodAccessorImpl.invoke0(Native Method)
	at sun.reflect.NativeMethodAccessorImpl.invoke(NativeMethodAccessorImpl.java:62)
	at sun.reflect.DelegatingMethodAccessorImpl.invoke(DelegatingMethodAccessorImpl.java:43)
	at java.lang.reflect.Method.invoke(Method.java:498)
	at org.springframework.boot.devtools.restart.RestartLauncher.run(RestartLauncher.java:49)
Caused by: java.lang.IllegalArgumentException: Could not resolve placeholder 'msg' in value "${msg}"
	at org.springframework.util.PropertyPlaceholderHelper.parseStringValue(PropertyPlaceholderHelper.java:178)
	at org.springframework.util.PropertyPlaceholderHelper.replacePlaceholders(PropertyPlaceholderHelper.java:124)
	at org.springframework.core.env.AbstractPropertyResolver.doResolvePlaceholders(AbstractPropertyResolver.java:236)
	at org.springframework.core.env.AbstractPropertyResolver.resolveRequiredPlaceholders(AbstractPropertyResolver.java:210)
	at org.springframework.context.support.PropertySourcesPlaceholderConfigurer.lambda$processProperties$0(PropertySourcesPlaceholderConfigurer.java:175)
	at org.springframework.beans.factory.support.AbstractBeanFactory.resolveEmbeddedValue(AbstractBeanFactory.java:909)
	at org.springframework.beans.factory.support.DefaultListableBeanFactory.doResolveDependency(DefaultListableBeanFactory.java:1231)
	at org.springframework.beans.factory.support.DefaultListableBeanFactory.resolveDependency(DefaultListableBeanFactory.java:1210)
	at org.springframework.beans.factory.annotation.AutowiredAnnotationBeanPostProcessor$AutowiredFieldElement.inject(AutowiredAnnotationBeanPostProcessor.java:640)
	at org.springframework.beans.factory.annotation.InjectionMetadata.inject(InjectionMetadata.java:130)
	at org.springframework.beans.factory.annotation.AutowiredAnnotationBeanPostProcessor.postProcessProperties(AutowiredAnnotationBeanPostProcessor.java:399)
	... 22 common frames omitted
2020-04-17 11:08:46.141 [restartedMain] INFO  com.ylsoft.SpringbootApplication - Starting SpringbootApplication on PC02-2016 with PID 10284 (F:\workspace\springboot\target\classes started by Administrator in F:\workspace\springboot)
2020-04-17 11:08:46.145 [restartedMain] INFO  com.ylsoft.SpringbootApplication - The following profiles are active: dev
2020-04-17 11:08:46.285 [restartedMain] INFO  o.s.b.d.env.DevToolsPropertyDefaultsPostProcessor - Devtools property defaults active! Set 'spring.devtools.add-properties' to 'false' to disable
2020-04-17 11:08:46.285 [restartedMain] INFO  o.s.b.d.env.DevToolsPropertyDefaultsPostProcessor - For additional web related logging consider setting the 'logging.level.web' property to 'DEBUG'
2020-04-17 11:08:48.259 [restartedMain] INFO  o.s.boot.web.embedded.tomcat.TomcatWebServer - Tomcat initialized with port(s): 8000 (http)
2020-04-17 11:08:48.274 [restartedMain] INFO  org.apache.coyote.http11.Http11NioProtocol - Initializing ProtocolHandler ["http-nio-8000"]
2020-04-17 11:08:48.275 [restartedMain] INFO  org.apache.catalina.core.StandardService - Starting service [Tomcat]
2020-04-17 11:08:48.275 [restartedMain] INFO  org.apache.catalina.core.StandardEngine - Starting Servlet engine: [Apache Tomcat/9.0.33]
2020-04-17 11:08:48.389 [restartedMain] INFO  o.a.c.core.ContainerBase.[Tomcat].[localhost].[/] - Initializing Spring embedded WebApplicationContext
2020-04-17 11:08:48.390 [restartedMain] INFO  org.springframework.web.context.ContextLoader - Root WebApplicationContext: initialization completed in 2104 ms
2020-04-17 11:08:48.701 [restartedMain] INFO  o.s.scheduling.concurrent.ThreadPoolTaskExecutor - Initializing ExecutorService 'applicationTaskExecutor'
2020-04-17 11:08:48.958 [restartedMain] INFO  o.s.b.d.autoconfigure.OptionalLiveReloadServer - LiveReload server is running on port 35729
2020-04-17 11:08:48.990 [restartedMain] INFO  org.apache.coyote.http11.Http11NioProtocol - Starting ProtocolHandler ["http-nio-8000"]
2020-04-17 11:08:49.024 [restartedMain] INFO  o.s.boot.web.embedded.tomcat.TomcatWebServer - Tomcat started on port(s): 8000 (http) with context path ''
2020-04-17 11:08:49.028 [restartedMain] INFO  com.ylsoft.SpringbootApplication - Started SpringbootApplication in 3.473 seconds (JVM running for 4.229)
2020-04-17 11:12:37.821 [restartedMain] INFO  com.ylsoft.SpringbootApplication - Starting SpringbootApplication on PC02-2016 with PID 11576 (F:\workspace\springboot\target\classes started by Administrator in F:\workspace\springboot)
2020-04-17 11:12:37.827 [restartedMain] INFO  com.ylsoft.SpringbootApplication - The following profiles are active: dev
2020-04-17 11:12:37.917 [restartedMain] INFO  o.s.b.d.env.DevToolsPropertyDefaultsPostProcessor - Devtools property defaults active! Set 'spring.devtools.add-properties' to 'false' to disable
2020-04-17 11:12:37.918 [restartedMain] INFO  o.s.b.d.env.DevToolsPropertyDefaultsPostProcessor - For additional web related logging consider setting the 'logging.level.web' property to 'DEBUG'
2020-04-17 11:12:40.125 [restartedMain] INFO  o.s.boot.web.embedded.tomcat.TomcatWebServer - Tomcat initialized with port(s): 8000 (http)
2020-04-17 11:12:40.139 [restartedMain] INFO  org.apache.coyote.http11.Http11NioProtocol - Initializing ProtocolHandler ["http-nio-8000"]
2020-04-17 11:12:40.140 [restartedMain] INFO  org.apache.catalina.core.StandardService - Starting service [Tomcat]
2020-04-17 11:12:40.140 [restartedMain] INFO  org.apache.catalina.core.StandardEngine - Starting Servlet engine: [Apache Tomcat/9.0.33]
2020-04-17 11:12:40.250 [restartedMain] INFO  o.a.c.core.ContainerBase.[Tomcat].[localhost].[/] - Initializing Spring embedded WebApplicationContext
2020-04-17 11:12:40.250 [restartedMain] INFO  org.springframework.web.context.ContextLoader - Root WebApplicationContext: initialization completed in 2332 ms
2020-04-17 11:12:40.613 [restartedMain] INFO  o.s.scheduling.concurrent.ThreadPoolTaskExecutor - Initializing ExecutorService 'applicationTaskExecutor'
2020-04-17 11:12:40.883 [restartedMain] INFO  o.s.b.d.autoconfigure.OptionalLiveReloadServer - LiveReload server is running on port 35729
2020-04-17 11:12:40.920 [restartedMain] INFO  org.apache.coyote.http11.Http11NioProtocol - Starting ProtocolHandler ["http-nio-8000"]
2020-04-17 11:12:40.963 [restartedMain] INFO  o.s.boot.web.embedded.tomcat.TomcatWebServer - Tomcat started on port(s): 8000 (http) with context path ''
2020-04-17 11:12:40.969 [restartedMain] INFO  com.ylsoft.SpringbootApplication - Started SpringbootApplication in 3.775 seconds (JVM running for 4.654)
2020-04-17 11:12:54.039 [http-nio-8000-exec-1] INFO  o.a.c.core.ContainerBase.[Tomcat].[localhost].[/] - Initializing Spring DispatcherServlet 'dispatcherServlet'
2020-04-17 11:12:54.042 [http-nio-8000-exec-1] INFO  org.springframework.web.servlet.DispatcherServlet - Initializing Servlet 'dispatcherServlet'
2020-04-17 11:12:54.139 [http-nio-8000-exec-1] INFO  org.springframework.web.servlet.DispatcherServlet - Completed initialization in 97 ms
2020-04-17 11:45:20.302 [restartedMain] INFO  com.ylsoft.SpringbootApplication - Starting SpringbootApplication on PC02-2016 with PID 10260 (F:\workspace\springboot\target\classes started by Administrator in F:\workspace\springboot)
2020-04-17 11:45:20.305 [restartedMain] INFO  com.ylsoft.SpringbootApplication - The following profiles are active: dev
2020-04-17 11:45:20.437 [restartedMain] INFO  o.s.b.d.env.DevToolsPropertyDefaultsPostProcessor - Devtools property defaults active! Set 'spring.devtools.add-properties' to 'false' to disable
2020-04-17 11:45:20.437 [restartedMain] INFO  o.s.b.d.env.DevToolsPropertyDefaultsPostProcessor - For additional web related logging consider setting the 'logging.level.web' property to 'DEBUG'
2020-04-17 11:45:23.042 [restartedMain] INFO  o.s.boot.web.embedded.tomcat.TomcatWebServer - Tomcat initialized with port(s): 8000 (http)
2020-04-17 11:45:23.057 [restartedMain] INFO  org.apache.coyote.http11.Http11NioProtocol - Initializing ProtocolHandler ["http-nio-8000"]
2020-04-17 11:45:23.058 [restartedMain] INFO  org.apache.catalina.core.StandardService - Starting service [Tomcat]
2020-04-17 11:45:23.058 [restartedMain] INFO  org.apache.catalina.core.StandardEngine - Starting Servlet engine: [Apache Tomcat/9.0.33]
2020-04-17 11:45:23.213 [restartedMain] INFO  o.a.c.core.ContainerBase.[Tomcat].[localhost].[/] - Initializing Spring embedded WebApplicationContext
2020-04-17 11:45:23.214 [restartedMain] INFO  org.springframework.web.context.ContextLoader - Root WebApplicationContext: initialization completed in 2777 ms
2020-04-17 11:45:23.818 [restartedMain] INFO  o.s.scheduling.concurrent.ThreadPoolTaskExecutor - Initializing ExecutorService 'applicationTaskExecutor'
2020-04-17 11:45:24.496 [restartedMain] INFO  o.s.b.d.autoconfigure.OptionalLiveReloadServer - LiveReload server is running on port 35729
2020-04-17 11:45:24.504 [restartedMain] INFO  o.s.b.actuate.endpoint.web.EndpointLinksResolver - Exposing 2 endpoint(s) beneath base path '/actuator'
2020-04-17 11:45:24.558 [restartedMain] INFO  org.apache.coyote.http11.Http11NioProtocol - Starting ProtocolHandler ["http-nio-8000"]
2020-04-17 11:45:24.592 [restartedMain] INFO  o.s.boot.web.embedded.tomcat.TomcatWebServer - Tomcat started on port(s): 8000 (http) with context path ''
2020-04-17 11:45:24.600 [restartedMain] INFO  com.ylsoft.SpringbootApplication - Started SpringbootApplication in 5.176 seconds (JVM running for 6.032)
2020-04-17 11:46:18.663 [restartedMain] INFO  com.ylsoft.SpringbootApplication - Starting SpringbootApplication on PC02-2016 with PID 1004 (F:\workspace\springboot\target\classes started by Administrator in F:\workspace\springboot)
2020-04-17 11:46:18.667 [restartedMain] INFO  com.ylsoft.SpringbootApplication - The following profiles are active: dev
2020-04-17 11:46:18.818 [restartedMain] INFO  o.s.b.d.env.DevToolsPropertyDefaultsPostProcessor - Devtools property defaults active! Set 'spring.devtools.add-properties' to 'false' to disable
2020-04-17 11:46:18.819 [restartedMain] INFO  o.s.b.d.env.DevToolsPropertyDefaultsPostProcessor - For additional web related logging consider setting the 'logging.level.web' property to 'DEBUG'
2020-04-17 11:46:21.483 [restartedMain] INFO  o.s.boot.web.embedded.tomcat.TomcatWebServer - Tomcat initialized with port(s): 8000 (http)
2020-04-17 11:46:21.498 [restartedMain] INFO  org.apache.coyote.http11.Http11NioProtocol - Initializing ProtocolHandler ["http-nio-8000"]
2020-04-17 11:46:21.499 [restartedMain] INFO  org.apache.catalina.core.StandardService - Starting service [Tomcat]
2020-04-17 11:46:21.499 [restartedMain] INFO  org.apache.catalina.core.StandardEngine - Starting Servlet engine: [Apache Tomcat/9.0.33]
2020-04-17 11:46:21.631 [restartedMain] INFO  o.a.c.core.ContainerBase.[Tomcat].[localhost].[/] - Initializing Spring embedded WebApplicationContext
2020-04-17 11:46:21.632 [restartedMain] INFO  org.springframework.web.context.ContextLoader - Root WebApplicationContext: initialization completed in 2813 ms
2020-04-17 11:46:22.230 [restartedMain] INFO  o.s.scheduling.concurrent.ThreadPoolTaskExecutor - Initializing ExecutorService 'applicationTaskExecutor'
2020-04-17 11:46:22.742 [restartedMain] INFO  o.s.b.d.autoconfigure.OptionalLiveReloadServer - LiveReload server is running on port 35729
2020-04-17 11:46:22.750 [restartedMain] INFO  o.s.b.actuate.endpoint.web.EndpointLinksResolver - Exposing 2 endpoint(s) beneath base path '/actuator'
2020-04-17 11:46:22.824 [restartedMain] INFO  org.apache.coyote.http11.Http11NioProtocol - Starting ProtocolHandler ["http-nio-8000"]
2020-04-17 11:46:22.882 [restartedMain] INFO  o.s.boot.web.embedded.tomcat.TomcatWebServer - Tomcat started on port(s): 8000 (http) with context path ''
2020-04-17 11:46:22.887 [restartedMain] INFO  com.ylsoft.SpringbootApplication - Started SpringbootApplication in 4.933 seconds (JVM running for 5.779)
2020-04-17 11:47:54.281 [restartedMain] INFO  com.ylsoft.SpringbootApplication - Starting SpringbootApplication on PC02-2016 with PID 10376 (F:\workspace\springboot\target\classes started by Administrator in F:\workspace\springboot)
2020-04-17 11:47:54.285 [restartedMain] INFO  com.ylsoft.SpringbootApplication - No active profile set, falling back to default profiles: default
2020-04-17 11:47:54.404 [restartedMain] INFO  o.s.b.d.env.DevToolsPropertyDefaultsPostProcessor - Devtools property defaults active! Set 'spring.devtools.add-properties' to 'false' to disable
2020-04-17 11:47:54.404 [restartedMain] INFO  o.s.b.d.env.DevToolsPropertyDefaultsPostProcessor - For additional web related logging consider setting the 'logging.level.web' property to 'DEBUG'
2020-04-17 11:47:57.282 [restartedMain] INFO  o.s.boot.web.embedded.tomcat.TomcatWebServer - Tomcat initialized with port(s): 8080 (http)
2020-04-17 11:47:57.303 [restartedMain] INFO  org.apache.coyote.http11.Http11NioProtocol - Initializing ProtocolHandler ["http-nio-8080"]
2020-04-17 11:47:57.304 [restartedMain] INFO  org.apache.catalina.core.StandardService - Starting service [Tomcat]
2020-04-17 11:47:57.305 [restartedMain] INFO  org.apache.catalina.core.StandardEngine - Starting Servlet engine: [Apache Tomcat/9.0.33]
2020-04-17 11:47:57.456 [restartedMain] INFO  o.a.c.core.ContainerBase.[Tomcat].[localhost].[/] - Initializing Spring embedded WebApplicationContext
2020-04-17 11:47:57.457 [restartedMain] INFO  org.springframework.web.context.ContextLoader - Root WebApplicationContext: initialization completed in 3053 ms
2020-04-17 11:47:58.097 [restartedMain] INFO  o.s.scheduling.concurrent.ThreadPoolTaskExecutor - Initializing ExecutorService 'applicationTaskExecutor'
2020-04-17 11:47:58.556 [restartedMain] INFO  o.s.b.d.autoconfigure.OptionalLiveReloadServer - LiveReload server is running on port 35729
2020-04-17 11:47:58.565 [restartedMain] INFO  o.s.b.actuate.endpoint.web.EndpointLinksResolver - Exposing 2 endpoint(s) beneath base path '/actuator'
2020-04-17 11:47:58.623 [restartedMain] INFO  org.apache.coyote.http11.Http11NioProtocol - Starting ProtocolHandler ["http-nio-8080"]
2020-04-17 11:47:58.679 [restartedMain] INFO  o.s.boot.web.embedded.tomcat.TomcatWebServer - Tomcat started on port(s): 8080 (http) with context path ''
2020-04-17 11:47:58.684 [restartedMain] INFO  com.ylsoft.SpringbootApplication - Started SpringbootApplication in 5.186 seconds (JVM running for 6.037)
2020-04-17 11:48:25.313 [http-nio-8080-exec-1] INFO  o.a.c.core.ContainerBase.[Tomcat].[localhost].[/] - Initializing Spring DispatcherServlet 'dispatcherServlet'
2020-04-17 11:48:25.315 [http-nio-8080-exec-1] INFO  org.springframework.web.servlet.DispatcherServlet - Initializing Servlet 'dispatcherServlet'
2020-04-17 11:48:25.338 [http-nio-8080-exec-1] INFO  org.springframework.web.servlet.DispatcherServlet - Completed initialization in 23 ms
2020-04-17 11:56:35.942 [restartedMain] INFO  com.ylsoft.SpringbootApplication - Starting SpringbootApplication on PC02-2016 with PID 7392 (F:\workspace\springboot\target\classes started by Administrator in F:\workspace\springboot)
2020-04-17 11:56:35.948 [restartedMain] INFO  com.ylsoft.SpringbootApplication - No active profile set, falling back to default profiles: default
2020-04-17 11:56:36.052 [restartedMain] INFO  o.s.b.d.env.DevToolsPropertyDefaultsPostProcessor - Devtools property defaults active! Set 'spring.devtools.add-properties' to 'false' to disable
2020-04-17 11:56:36.053 [restartedMain] INFO  o.s.b.d.env.DevToolsPropertyDefaultsPostProcessor - For additional web related logging consider setting the 'logging.level.web' property to 'DEBUG'
2020-04-17 11:56:38.436 [restartedMain] INFO  o.s.boot.web.embedded.tomcat.TomcatWebServer - Tomcat initialized with port(s): 8080 (http)
2020-04-17 11:56:38.452 [restartedMain] INFO  org.apache.coyote.http11.Http11NioProtocol - Initializing ProtocolHandler ["http-nio-8080"]
2020-04-17 11:56:38.453 [restartedMain] INFO  org.apache.catalina.core.StandardService - Starting service [Tomcat]
2020-04-17 11:56:38.453 [restartedMain] INFO  org.apache.catalina.core.StandardEngine - Starting Servlet engine: [Apache Tomcat/9.0.33]
2020-04-17 11:56:38.598 [restartedMain] INFO  o.a.c.core.ContainerBase.[Tomcat].[localhost].[/] - Initializing Spring embedded WebApplicationContext
2020-04-17 11:56:38.598 [restartedMain] INFO  org.springframework.web.context.ContextLoader - Root WebApplicationContext: initialization completed in 2545 ms
2020-04-17 11:56:39.088 [restartedMain] INFO  o.s.scheduling.concurrent.ThreadPoolTaskExecutor - Initializing ExecutorService 'applicationTaskExecutor'
2020-04-17 11:56:39.493 [restartedMain] INFO  o.s.b.d.autoconfigure.OptionalLiveReloadServer - LiveReload server is running on port 35729
2020-04-17 11:56:39.500 [restartedMain] INFO  o.s.b.actuate.endpoint.web.EndpointLinksResolver - Exposing 2 endpoint(s) beneath base path '/actuator'
2020-04-17 11:56:39.545 [restartedMain] INFO  org.apache.coyote.http11.Http11NioProtocol - Starting ProtocolHandler ["http-nio-8080"]
2020-04-17 11:56:39.585 [restartedMain] INFO  o.s.boot.web.embedded.tomcat.TomcatWebServer - Tomcat started on port(s): 8080 (http) with context path ''
2020-04-17 11:56:39.590 [restartedMain] INFO  com.ylsoft.SpringbootApplication - Started SpringbootApplication in 4.217 seconds (JVM running for 4.958)
2020-04-17 11:58:56.085 [Thread-6] INFO  o.s.scheduling.concurrent.ThreadPoolTaskExecutor - Shutting down ExecutorService 'applicationTaskExecutor'
2020-04-17 11:59:13.383 [restartedMain] INFO  com.ylsoft.SpringbootApplication - Starting SpringbootApplication on PC02-2016 with PID 7968 (F:\workspace\springboot\target\classes started by Administrator in F:\workspace\springboot)
2020-04-17 11:59:13.388 [restartedMain] INFO  com.ylsoft.SpringbootApplication - No active profile set, falling back to default profiles: default
2020-04-17 11:59:13.501 [restartedMain] INFO  o.s.b.d.env.DevToolsPropertyDefaultsPostProcessor - Devtools property defaults active! Set 'spring.devtools.add-properties' to 'false' to disable
2020-04-17 11:59:13.501 [restartedMain] INFO  o.s.b.d.env.DevToolsPropertyDefaultsPostProcessor - For additional web related logging consider setting the 'logging.level.web' property to 'DEBUG'
2020-04-17 11:59:15.941 [restartedMain] INFO  o.s.boot.web.embedded.tomcat.TomcatWebServer - Tomcat initialized with port(s): 8080 (http)
2020-04-17 11:59:15.956 [restartedMain] INFO  org.apache.coyote.http11.Http11NioProtocol - Initializing ProtocolHandler ["http-nio-8080"]
2020-04-17 11:59:15.957 [restartedMain] INFO  org.apache.catalina.core.StandardService - Starting service [Tomcat]
2020-04-17 11:59:15.957 [restartedMain] INFO  org.apache.catalina.core.StandardEngine - Starting Servlet engine: [Apache Tomcat/9.0.33]
2020-04-17 11:59:16.084 [restartedMain] INFO  o.a.c.core.ContainerBase.[Tomcat].[localhost].[/] - Initializing Spring embedded WebApplicationContext
2020-04-17 11:59:16.084 [restartedMain] INFO  org.springframework.web.context.ContextLoader - Root WebApplicationContext: initialization completed in 2583 ms
2020-04-17 11:59:16.645 [restartedMain] INFO  o.s.scheduling.concurrent.ThreadPoolTaskExecutor - Initializing ExecutorService 'applicationTaskExecutor'
2020-04-17 11:59:17.109 [restartedMain] INFO  o.s.b.d.autoconfigure.OptionalLiveReloadServer - LiveReload server is running on port 35729
2020-04-17 11:59:17.122 [restartedMain] INFO  o.s.b.actuate.endpoint.web.EndpointLinksResolver - Exposing 13 endpoint(s) beneath base path '/actuator'
2020-04-17 11:59:17.186 [restartedMain] INFO  org.apache.coyote.http11.Http11NioProtocol - Starting ProtocolHandler ["http-nio-8080"]
2020-04-17 11:59:17.218 [restartedMain] INFO  o.s.boot.web.embedded.tomcat.TomcatWebServer - Tomcat started on port(s): 8080 (http) with context path ''
2020-04-17 11:59:17.223 [restartedMain] INFO  com.ylsoft.SpringbootApplication - Started SpringbootApplication in 4.385 seconds (JVM running for 5.151)
2020-04-17 11:59:29.653 [http-nio-8080-exec-1] INFO  o.a.c.core.ContainerBase.[Tomcat].[localhost].[/] - Initializing Spring DispatcherServlet 'dispatcherServlet'
2020-04-17 11:59:29.653 [http-nio-8080-exec-1] INFO  org.springframework.web.servlet.DispatcherServlet - Initializing Servlet 'dispatcherServlet'
2020-04-17 11:59:29.668 [http-nio-8080-exec-1] INFO  org.springframework.web.servlet.DispatcherServlet - Completed initialization in 15 ms
2020-04-17 12:00:54.438 [restartedMain] INFO  com.ylsoft.SpringbootApplication - Starting SpringbootApplication on PC02-2016 with PID 9268 (F:\workspace\springboot\target\classes started by Administrator in F:\workspace\springboot)
2020-04-17 12:00:54.441 [restartedMain] INFO  com.ylsoft.SpringbootApplication - No active profile set, falling back to default profiles: default
2020-04-17 12:00:54.565 [restartedMain] INFO  o.s.b.d.env.DevToolsPropertyDefaultsPostProcessor - Devtools property defaults active! Set 'spring.devtools.add-properties' to 'false' to disable
2020-04-17 12:00:54.566 [restartedMain] INFO  o.s.b.d.env.DevToolsPropertyDefaultsPostProcessor - For additional web related logging consider setting the 'logging.level.web' property to 'DEBUG'
2020-04-17 12:00:57.006 [restartedMain] INFO  o.s.boot.web.embedded.tomcat.TomcatWebServer - Tomcat initialized with port(s): 8080 (http)
2020-04-17 12:00:57.019 [restartedMain] INFO  org.apache.coyote.http11.Http11NioProtocol - Initializing ProtocolHandler ["http-nio-8080"]
2020-04-17 12:00:57.020 [restartedMain] INFO  org.apache.catalina.core.StandardService - Starting service [Tomcat]
2020-04-17 12:00:57.020 [restartedMain] INFO  org.apache.catalina.core.StandardEngine - Starting Servlet engine: [Apache Tomcat/9.0.33]
2020-04-17 12:00:57.175 [restartedMain] INFO  o.a.c.core.ContainerBase.[Tomcat].[localhost].[/] - Initializing Spring embedded WebApplicationContext
2020-04-17 12:00:57.175 [restartedMain] INFO  org.springframework.web.context.ContextLoader - Root WebApplicationContext: initialization completed in 2609 ms
2020-04-17 12:00:57.649 [restartedMain] INFO  o.s.scheduling.concurrent.ThreadPoolTaskExecutor - Initializing ExecutorService 'applicationTaskExecutor'
2020-04-17 12:00:58.207 [restartedMain] INFO  o.s.b.d.autoconfigure.OptionalLiveReloadServer - LiveReload server is running on port 35729
2020-04-17 12:00:58.214 [restartedMain] INFO  o.s.b.actuate.endpoint.web.EndpointLinksResolver - Exposing 2 endpoint(s) beneath base path '/actuator'
2020-04-17 12:00:58.266 [restartedMain] INFO  org.apache.coyote.http11.Http11NioProtocol - Starting ProtocolHandler ["http-nio-8080"]
2020-04-17 12:00:58.302 [restartedMain] INFO  o.s.boot.web.embedded.tomcat.TomcatWebServer - Tomcat started on port(s): 8080 (http) with context path ''
2020-04-17 12:00:58.307 [restartedMain] INFO  com.ylsoft.SpringbootApplication - Started SpringbootApplication in 4.47 seconds (JVM running for 5.239)
2020-04-17 12:01:04.719 [http-nio-8080-exec-1] INFO  o.a.c.core.ContainerBase.[Tomcat].[localhost].[/] - Initializing Spring DispatcherServlet 'dispatcherServlet'
2020-04-17 12:01:04.720 [http-nio-8080-exec-1] INFO  org.springframework.web.servlet.DispatcherServlet - Initializing Servlet 'dispatcherServlet'
2020-04-17 12:01:04.740 [http-nio-8080-exec-1] INFO  org.springframework.web.servlet.DispatcherServlet - Completed initialization in 20 ms
2020-04-17 12:04:25.939 [restartedMain] INFO  com.ylsoft.SpringbootApplication - Starting SpringbootApplication on PC02-2016 with PID 8020 (F:\workspace\springboot\target\classes started by Administrator in F:\workspace\springboot)
2020-04-17 12:04:25.944 [restartedMain] INFO  com.ylsoft.SpringbootApplication - No active profile set, falling back to default profiles: default
2020-04-17 12:04:26.077 [restartedMain] INFO  o.s.b.d.env.DevToolsPropertyDefaultsPostProcessor - Devtools property defaults active! Set 'spring.devtools.add-properties' to 'false' to disable
2020-04-17 12:04:26.077 [restartedMain] INFO  o.s.b.d.env.DevToolsPropertyDefaultsPostProcessor - For additional web related logging consider setting the 'logging.level.web' property to 'DEBUG'
2020-04-17 12:04:29.077 [restartedMain] INFO  o.s.boot.web.embedded.tomcat.TomcatWebServer - Tomcat initialized with port(s): 8080 (http)
2020-04-17 12:04:29.092 [restartedMain] INFO  org.apache.coyote.http11.Http11NioProtocol - Initializing ProtocolHandler ["http-nio-8080"]
2020-04-17 12:04:29.093 [restartedMain] INFO  org.apache.catalina.core.StandardService - Starting service [Tomcat]
2020-04-17 12:04:29.093 [restartedMain] INFO  org.apache.catalina.core.StandardEngine - Starting Servlet engine: [Apache Tomcat/9.0.33]
2020-04-17 12:04:29.210 [restartedMain] INFO  o.a.c.core.ContainerBase.[Tomcat].[localhost].[/] - Initializing Spring embedded WebApplicationContext
2020-04-17 12:04:29.211 [restartedMain] INFO  org.springframework.web.context.ContextLoader - Root WebApplicationContext: initialization completed in 3133 ms
2020-04-17 12:04:29.812 [restartedMain] INFO  o.s.scheduling.concurrent.ThreadPoolTaskExecutor - Initializing ExecutorService 'applicationTaskExecutor'
2020-04-17 12:04:30.488 [restartedMain] INFO  o.s.b.d.autoconfigure.OptionalLiveReloadServer - LiveReload server is running on port 35729
2020-04-17 12:04:30.497 [restartedMain] INFO  o.s.b.actuate.endpoint.web.EndpointLinksResolver - Exposing 13 endpoint(s) beneath base path '/ac'
2020-04-17 12:04:30.578 [restartedMain] INFO  org.apache.coyote.http11.Http11NioProtocol - Starting ProtocolHandler ["http-nio-8080"]
2020-04-17 12:04:30.626 [restartedMain] INFO  o.s.boot.web.embedded.tomcat.TomcatWebServer - Tomcat started on port(s): 8080 (http) with context path ''
2020-04-17 12:04:30.632 [restartedMain] INFO  com.ylsoft.SpringbootApplication - Started SpringbootApplication in 5.242 seconds (JVM running for 6.009)
2020-04-17 12:05:05.324 [http-nio-8080-exec-2] INFO  o.a.c.core.ContainerBase.[Tomcat].[localhost].[/] - Initializing Spring DispatcherServlet 'dispatcherServlet'
2020-04-17 12:05:05.324 [http-nio-8080-exec-2] INFO  org.springframework.web.servlet.DispatcherServlet - Initializing Servlet 'dispatcherServlet'
2020-04-17 12:05:05.333 [http-nio-8080-exec-2] INFO  org.springframework.web.servlet.DispatcherServlet - Completed initialization in 9 ms
2020-04-17 15:17:24.881 [restartedMain] INFO  com.ylsoft.SpringbootApplication - Starting SpringbootApplication on PC02-2016 with PID 13380 (F:\workspace\springboot\target\classes started by Administrator in F:\workspace\springboot)
2020-04-17 15:17:24.886 [restartedMain] INFO  com.ylsoft.SpringbootApplication - No active profile set, falling back to default profiles: default
2020-04-17 15:17:25.003 [restartedMain] INFO  o.s.b.d.env.DevToolsPropertyDefaultsPostProcessor - Devtools property defaults active! Set 'spring.devtools.add-properties' to 'false' to disable
2020-04-17 15:17:25.003 [restartedMain] INFO  o.s.b.d.env.DevToolsPropertyDefaultsPostProcessor - For additional web related logging consider setting the 'logging.level.web' property to 'DEBUG'
2020-04-17 15:17:27.776 [restartedMain] INFO  o.s.boot.web.embedded.tomcat.TomcatWebServer - Tomcat initialized with port(s): 8080 (http)
2020-04-17 15:17:27.801 [restartedMain] INFO  org.apache.coyote.http11.Http11NioProtocol - Initializing ProtocolHandler ["http-nio-8080"]
2020-04-17 15:17:27.818 [restartedMain] INFO  org.apache.catalina.core.StandardService - Starting service [Tomcat]
2020-04-17 15:17:27.819 [restartedMain] INFO  org.apache.catalina.core.StandardEngine - Starting Servlet engine: [Apache Tomcat/9.0.21]
2020-04-17 15:17:27.960 [restartedMain] INFO  o.a.c.core.ContainerBase.[Tomcat].[localhost].[/] - Initializing Spring embedded WebApplicationContext
2020-04-17 15:17:27.960 [restartedMain] INFO  org.springframework.web.context.ContextLoader - Root WebApplicationContext: initialization completed in 2957 ms
2020-04-17 15:17:28.598 [restartedMain] INFO  o.s.b.a.endpoint.web.ServletEndpointRegistrar - Registered '/ac/jolokia' to jolokia-actuator-endpoint
2020-04-17 15:17:28.884 [restartedMain] INFO  o.s.scheduling.concurrent.ThreadPoolTaskExecutor - Initializing ExecutorService 'applicationTaskExecutor'
2020-04-17 15:17:29.236 [restartedMain] INFO  o.s.scheduling.concurrent.ThreadPoolTaskScheduler - Initializing ExecutorService
2020-04-17 15:17:29.366 [restartedMain] INFO  o.s.b.d.autoconfigure.OptionalLiveReloadServer - LiveReload server is running on port 35729
2020-04-17 15:17:29.381 [restartedMain] INFO  o.s.b.actuate.endpoint.web.EndpointLinksResolver - Exposing 16 endpoint(s) beneath base path '/ac'
2020-04-17 15:17:29.461 [restartedMain] INFO  org.apache.coyote.http11.Http11NioProtocol - Starting ProtocolHandler ["http-nio-8080"]
2020-04-17 15:17:29.496 [restartedMain] INFO  o.s.boot.web.embedded.tomcat.TomcatWebServer - Tomcat started on port(s): 8080 (http) with context path ''
2020-04-17 15:17:29.501 [restartedMain] INFO  com.ylsoft.SpringbootApplication - Started SpringbootApplication in 5.053 seconds (JVM running for 5.758)
2020-04-17 15:17:30.478 [registrationTask1] INFO  d.c.b.a.client.registration.ApplicationRegistrator - Application registered itself as b22d7221d325
2020-04-17 15:17:30.532 [http-nio-8080-exec-1] INFO  o.a.c.core.ContainerBase.[Tomcat].[localhost].[/] - Initializing Spring DispatcherServlet 'dispatcherServlet'
2020-04-17 15:17:30.532 [http-nio-8080-exec-1] INFO  org.springframework.web.servlet.DispatcherServlet - Initializing Servlet 'dispatcherServlet'
2020-04-17 15:17:30.542 [http-nio-8080-exec-1] INFO  org.springframework.web.servlet.DispatcherServlet - Completed initialization in 10 ms
2020-04-17 16:07:53.906 [Thread-6] INFO  o.s.scheduling.concurrent.ThreadPoolTaskScheduler - Shutting down ExecutorService
2020-04-17 16:07:53.906 [Thread-6] INFO  o.s.scheduling.concurrent.ThreadPoolTaskExecutor - Shutting down ExecutorService 'applicationTaskExecutor'
2020-04-17 16:34:16.338 [restartedMain] INFO  com.ylsoft.SpringbootApplication - Starting SpringbootApplication on PC02-2016 with PID 12084 (F:\workspace\springboot\target\classes started by Administrator in F:\workspace\springboot)
2020-04-17 16:34:16.342 [restartedMain] INFO  com.ylsoft.SpringbootApplication - No active profile set, falling back to default profiles: default
2020-04-17 16:34:16.435 [restartedMain] INFO  o.s.b.d.env.DevToolsPropertyDefaultsPostProcessor - Devtools property defaults active! Set 'spring.devtools.add-properties' to 'false' to disable
2020-04-17 16:34:16.436 [restartedMain] INFO  o.s.b.d.env.DevToolsPropertyDefaultsPostProcessor - For additional web related logging consider setting the 'logging.level.web' property to 'DEBUG'
2020-04-17 16:34:19.386 [restartedMain] INFO  o.s.boot.web.embedded.tomcat.TomcatWebServer - Tomcat initialized with port(s): 8080 (http)
2020-04-17 16:34:19.409 [restartedMain] INFO  org.apache.coyote.http11.Http11NioProtocol - Initializing ProtocolHandler ["http-nio-8080"]
2020-04-17 16:34:19.427 [restartedMain] INFO  org.apache.catalina.core.StandardService - Starting service [Tomcat]
2020-04-17 16:34:19.427 [restartedMain] INFO  org.apache.catalina.core.StandardEngine - Starting Servlet engine: [Apache Tomcat/9.0.21]
2020-04-17 16:34:19.590 [restartedMain] INFO  o.a.c.core.ContainerBase.[Tomcat].[localhost].[/] - Initializing Spring embedded WebApplicationContext
2020-04-17 16:34:19.590 [restartedMain] INFO  org.springframework.web.context.ContextLoader - Root WebApplicationContext: initialization completed in 3151 ms
2020-04-17 16:34:20.217 [restartedMain] INFO  o.s.b.a.endpoint.web.ServletEndpointRegistrar - Registered '/ac/jolokia' to jolokia-actuator-endpoint
2020-04-17 16:34:20.487 [restartedMain] INFO  o.s.scheduling.concurrent.ThreadPoolTaskExecutor - Initializing ExecutorService 'applicationTaskExecutor'
2020-04-17 16:34:20.888 [restartedMain] INFO  o.s.scheduling.concurrent.ThreadPoolTaskScheduler - Initializing ExecutorService
2020-04-17 16:34:21.106 [restartedMain] INFO  o.s.b.a.s.s.UserDetailsServiceAutoConfiguration - 

Using generated security password: 3dfbc577-48ba-4803-9964-d0fc732383cb

2020-04-17 16:34:21.250 [restartedMain] INFO  o.s.security.web.DefaultSecurityFilterChain - Creating filter chain: any request, [org.springframework.security.web.context.request.async.WebAsyncManagerIntegrationFilter@4d4ba523, org.springframework.security.web.context.SecurityContextPersistenceFilter@4c3c5273, org.springframework.security.web.header.HeaderWriterFilter@3323ec61, org.springframework.security.web.csrf.CsrfFilter@454db218, org.springframework.security.web.authentication.logout.LogoutFilter@43bcbc1f, org.springframework.security.web.authentication.UsernamePasswordAuthenticationFilter@4b2a02d6, org.springframework.security.web.authentication.ui.DefaultLoginPageGeneratingFilter@5d89604e, org.springframework.security.web.authentication.ui.DefaultLogoutPageGeneratingFilter@59544a6c, org.springframework.security.web.authentication.www.BasicAuthenticationFilter@10188d2a, org.springframework.security.web.savedrequest.RequestCacheAwareFilter@9a7f302, org.springframework.security.web.servletapi.SecurityContextHolderAwareRequestFilter@169f1f7c, org.springframework.security.web.authentication.AnonymousAuthenticationFilter@347959d6, org.springframework.security.web.session.SessionManagementFilter@5152305d, org.springframework.security.web.access.ExceptionTranslationFilter@51f00a1, org.springframework.security.web.access.intercept.FilterSecurityInterceptor@2b3f5ad2]
2020-04-17 16:34:21.278 [restartedMain] INFO  o.s.b.actuate.endpoint.web.EndpointLinksResolver - Exposing 16 endpoint(s) beneath base path '/ac'
2020-04-17 16:34:21.345 [restartedMain] INFO  o.s.b.d.autoconfigure.OptionalLiveReloadServer - LiveReload server is running on port 35729
2020-04-17 16:34:21.413 [restartedMain] INFO  org.apache.coyote.http11.Http11NioProtocol - Starting ProtocolHandler ["http-nio-8080"]
2020-04-17 16:34:21.451 [restartedMain] INFO  o.s.boot.web.embedded.tomcat.TomcatWebServer - Tomcat started on port(s): 8080 (http) with context path ''
2020-04-17 16:34:21.455 [restartedMain] INFO  com.ylsoft.SpringbootApplication - Started SpringbootApplication in 5.607 seconds (JVM running for 6.278)
2020-04-17 16:34:21.688 [registrationTask1] INFO  d.c.b.a.client.registration.ApplicationRegistrator - Application registered itself as b22d7221d325
2020-04-17 16:34:21.716 [http-nio-8080-exec-1] INFO  o.a.c.core.ContainerBase.[Tomcat].[localhost].[/] - Initializing Spring DispatcherServlet 'dispatcherServlet'
2020-04-17 16:34:21.716 [http-nio-8080-exec-1] INFO  org.springframework.web.servlet.DispatcherServlet - Initializing Servlet 'dispatcherServlet'
2020-04-17 16:34:21.726 [http-nio-8080-exec-1] INFO  org.springframework.web.servlet.DispatcherServlet - Completed initialization in 10 ms
2020-04-17 16:34:22.309 [http-nio-8080-exec-12] INFO  o.a.c.core.ContainerBase.[Tomcat].[localhost].[/] - jolokia-actuator-endpoint: No access restrictor found, access to any MBean is allowed
2020-04-17 16:35:43.329 [restartedMain] INFO  com.ylsoft.SpringbootApplication - Starting SpringbootApplication on PC02-2016 with PID 12640 (F:\workspace\springboot\target\classes started by Administrator in F:\workspace\springboot)
2020-04-17 16:35:43.332 [restartedMain] INFO  com.ylsoft.SpringbootApplication - No active profile set, falling back to default profiles: default
2020-04-17 16:35:43.408 [restartedMain] INFO  o.s.b.d.env.DevToolsPropertyDefaultsPostProcessor - Devtools property defaults active! Set 'spring.devtools.add-properties' to 'false' to disable
2020-04-17 16:35:43.408 [restartedMain] INFO  o.s.b.d.env.DevToolsPropertyDefaultsPostProcessor - For additional web related logging consider setting the 'logging.level.web' property to 'DEBUG'
2020-04-17 16:35:46.205 [restartedMain] INFO  o.s.boot.web.embedded.tomcat.TomcatWebServer - Tomcat initialized with port(s): 8080 (http)
2020-04-17 16:35:46.225 [restartedMain] INFO  org.apache.coyote.http11.Http11NioProtocol - Initializing ProtocolHandler ["http-nio-8080"]
2020-04-17 16:35:46.246 [restartedMain] INFO  org.apache.catalina.core.StandardService - Starting service [Tomcat]
2020-04-17 16:35:46.247 [restartedMain] INFO  org.apache.catalina.core.StandardEngine - Starting Servlet engine: [Apache Tomcat/9.0.21]
2020-04-17 16:35:46.419 [restartedMain] INFO  o.a.c.core.ContainerBase.[Tomcat].[localhost].[/] - Initializing Spring embedded WebApplicationContext
2020-04-17 16:35:46.419 [restartedMain] INFO  org.springframework.web.context.ContextLoader - Root WebApplicationContext: initialization completed in 3011 ms
2020-04-17 16:35:47.052 [restartedMain] INFO  o.s.b.a.endpoint.web.ServletEndpointRegistrar - Registered '/ac/jolokia' to jolokia-actuator-endpoint
2020-04-17 16:35:47.314 [restartedMain] INFO  o.s.scheduling.concurrent.ThreadPoolTaskExecutor - Initializing ExecutorService 'applicationTaskExecutor'
2020-04-17 16:35:47.684 [restartedMain] INFO  o.s.scheduling.concurrent.ThreadPoolTaskScheduler - Initializing ExecutorService
2020-04-17 16:35:47.902 [restartedMain] INFO  o.s.b.a.s.s.UserDetailsServiceAutoConfiguration - 

Using generated security password: db8407d0-d2e2-44cd-8c60-cf54ececa34f

2020-04-17 16:35:48.034 [restartedMain] INFO  o.s.security.web.DefaultSecurityFilterChain - Creating filter chain: any request, [org.springframework.security.web.context.request.async.WebAsyncManagerIntegrationFilter@4513317e, org.springframework.security.web.context.SecurityContextPersistenceFilter@25e96b81, org.springframework.security.web.header.HeaderWriterFilter@e45417a, org.springframework.security.web.csrf.CsrfFilter@b3ab222, org.springframework.security.web.authentication.logout.LogoutFilter@41a7b715, org.springframework.security.web.authentication.UsernamePasswordAuthenticationFilter@bfb3205, org.springframework.security.web.authentication.ui.DefaultLoginPageGeneratingFilter@59b107bb, org.springframework.security.web.authentication.ui.DefaultLogoutPageGeneratingFilter@7b6f8c, org.springframework.security.web.authentication.www.BasicAuthenticationFilter@543175b4, org.springframework.security.web.savedrequest.RequestCacheAwareFilter@4dbb1a8, org.springframework.security.web.servletapi.SecurityContextHolderAwareRequestFilter@39cd7c0d, org.springframework.security.web.authentication.AnonymousAuthenticationFilter@3e3c49, org.springframework.security.web.session.SessionManagementFilter@20e0d522, org.springframework.security.web.access.ExceptionTranslationFilter@71258ce8, org.springframework.security.web.access.intercept.FilterSecurityInterceptor@74f950cc]
2020-04-17 16:35:48.066 [restartedMain] INFO  o.s.b.actuate.endpoint.web.EndpointLinksResolver - Exposing 16 endpoint(s) beneath base path '/ac'
2020-04-17 16:35:48.140 [restartedMain] INFO  o.s.b.d.autoconfigure.OptionalLiveReloadServer - LiveReload server is running on port 35729
2020-04-17 16:35:48.204 [restartedMain] INFO  org.apache.coyote.http11.Http11NioProtocol - Starting ProtocolHandler ["http-nio-8080"]
2020-04-17 16:35:48.238 [restartedMain] INFO  o.s.boot.web.embedded.tomcat.TomcatWebServer - Tomcat started on port(s): 8080 (http) with context path ''
2020-04-17 16:35:48.244 [restartedMain] INFO  com.ylsoft.SpringbootApplication - Started SpringbootApplication in 5.392 seconds (JVM running for 6.077)
2020-04-17 16:35:48.941 [registrationTask1] INFO  d.c.b.a.client.registration.ApplicationRegistrator - Application registered itself as b22d7221d325
2020-04-17 16:35:49.115 [http-nio-8080-exec-1] INFO  o.a.c.core.ContainerBase.[Tomcat].[localhost].[/] - Initializing Spring DispatcherServlet 'dispatcherServlet'
2020-04-17 16:35:49.116 [http-nio-8080-exec-1] INFO  org.springframework.web.servlet.DispatcherServlet - Initializing Servlet 'dispatcherServlet'
2020-04-17 16:35:49.127 [http-nio-8080-exec-1] INFO  org.springframework.web.servlet.DispatcherServlet - Completed initialization in 11 ms
2020-04-17 16:35:50.044 [http-nio-8080-exec-17] INFO  o.a.c.core.ContainerBase.[Tomcat].[localhost].[/] - jolokia-actuator-endpoint: No access restrictor found, access to any MBean is allowed
2020-04-17 16:36:39.279 [registrationTask1] WARN  d.c.b.a.client.registration.ApplicationRegistrator - Failed to register application as Application(name=spring-boot-application, managementUrl=http://PC02-2016:8080/ac, healthUrl=http://PC02-2016:8080/ac/health, serviceUrl=http://PC02-2016:8080/) at spring-boot-admin ([http://localhost:8090/instances]): I/O error on POST request for "http://localhost:8090/instances": Connection refused: connect; nested exception is java.net.ConnectException: Connection refused: connect. Further attempts are logged on DEBUG level
2020-04-17 16:36:59.538 [Thread-6] INFO  o.s.scheduling.concurrent.ThreadPoolTaskScheduler - Shutting down ExecutorService
2020-04-17 16:36:59.538 [Thread-6] INFO  o.s.scheduling.concurrent.ThreadPoolTaskExecutor - Shutting down ExecutorService 'applicationTaskExecutor'
2020-04-17 16:37:05.944 [restartedMain] INFO  com.ylsoft.SpringbootApplication - Starting SpringbootApplication on PC02-2016 with PID 11992 (F:\workspace\springboot\target\classes started by Administrator in F:\workspace\springboot)
2020-04-17 16:37:05.950 [restartedMain] INFO  com.ylsoft.SpringbootApplication - No active profile set, falling back to default profiles: default
2020-04-17 16:37:06.048 [restartedMain] INFO  o.s.b.d.env.DevToolsPropertyDefaultsPostProcessor - Devtools property defaults active! Set 'spring.devtools.add-properties' to 'false' to disable
2020-04-17 16:37:06.049 [restartedMain] INFO  o.s.b.d.env.DevToolsPropertyDefaultsPostProcessor - For additional web related logging consider setting the 'logging.level.web' property to 'DEBUG'
2020-04-17 16:37:08.798 [restartedMain] INFO  o.s.boot.web.embedded.tomcat.TomcatWebServer - Tomcat initialized with port(s): 8080 (http)
2020-04-17 16:37:08.820 [restartedMain] INFO  org.apache.coyote.http11.Http11NioProtocol - Initializing ProtocolHandler ["http-nio-8080"]
2020-04-17 16:37:08.839 [restartedMain] INFO  org.apache.catalina.core.StandardService - Starting service [Tomcat]
2020-04-17 16:37:08.839 [restartedMain] INFO  org.apache.catalina.core.StandardEngine - Starting Servlet engine: [Apache Tomcat/9.0.21]
2020-04-17 16:37:08.994 [restartedMain] INFO  o.a.c.core.ContainerBase.[Tomcat].[localhost].[/] - Initializing Spring embedded WebApplicationContext
2020-04-17 16:37:08.995 [restartedMain] INFO  org.springframework.web.context.ContextLoader - Root WebApplicationContext: initialization completed in 2945 ms
2020-04-17 16:37:09.658 [restartedMain] INFO  o.s.b.a.endpoint.web.ServletEndpointRegistrar - Registered '/ac/jolokia' to jolokia-actuator-endpoint
2020-04-17 16:37:09.901 [restartedMain] INFO  o.s.scheduling.concurrent.ThreadPoolTaskExecutor - Initializing ExecutorService 'applicationTaskExecutor'
2020-04-17 16:37:10.310 [restartedMain] INFO  o.s.scheduling.concurrent.ThreadPoolTaskScheduler - Initializing ExecutorService
2020-04-17 16:37:10.448 [restartedMain] WARN  o.s.b.d.autoconfigure.OptionalLiveReloadServer - Unable to start LiveReload server
2020-04-17 16:37:10.462 [restartedMain] INFO  o.s.b.actuate.endpoint.web.EndpointLinksResolver - Exposing 16 endpoint(s) beneath base path '/ac'
2020-04-17 16:37:10.537 [restartedMain] INFO  org.apache.coyote.http11.Http11NioProtocol - Starting ProtocolHandler ["http-nio-8080"]
2020-04-17 16:37:10.553 [restartedMain] ERROR org.apache.catalina.util.LifecycleBase - Failed to start component [Connector[HTTP/1.1-8080]]
org.apache.catalina.LifecycleException: Protocol handler start failed
	at org.apache.catalina.connector.Connector.startInternal(Connector.java:1008)
	at org.apache.catalina.util.LifecycleBase.start(LifecycleBase.java:183)
	at org.apache.catalina.core.StandardService.addConnector(StandardService.java:227)
	at org.springframework.boot.web.embedded.tomcat.TomcatWebServer.addPreviouslyRemovedConnectors(TomcatWebServer.java:263)
	at org.springframework.boot.web.embedded.tomcat.TomcatWebServer.start(TomcatWebServer.java:195)
	at org.springframework.boot.web.servlet.context.ServletWebServerApplicationContext.startWebServer(ServletWebServerApplicationContext.java:296)
	at org.springframework.boot.web.servlet.context.ServletWebServerApplicationContext.finishRefresh(ServletWebServerApplicationContext.java:162)
	at org.springframework.context.support.AbstractApplicationContext.refresh(AbstractApplicationContext.java:552)
	at org.springframework.boot.web.servlet.context.ServletWebServerApplicationContext.refresh(ServletWebServerApplicationContext.java:140)
	at org.springframework.boot.SpringApplication.refresh(SpringApplication.java:742)
	at org.springframework.boot.SpringApplication.refreshContext(SpringApplication.java:389)
	at org.springframework.boot.SpringApplication.run(SpringApplication.java:311)
	at org.springframework.boot.SpringApplication.run(SpringApplication.java:1213)
	at org.springframework.boot.SpringApplication.run(SpringApplication.java:1202)
	at com.ylsoft.SpringbootApplication.main(SpringbootApplication.java:10)
	at sun.reflect.NativeMethodAccessorImpl.invoke0(Native Method)
	at sun.reflect.NativeMethodAccessorImpl.invoke(NativeMethodAccessorImpl.java:62)
	at sun.reflect.DelegatingMethodAccessorImpl.invoke(DelegatingMethodAccessorImpl.java:43)
	at java.lang.reflect.Method.invoke(Method.java:498)
	at org.springframework.boot.devtools.restart.RestartLauncher.run(RestartLauncher.java:49)
Caused by: java.net.BindException: Address already in use: bind
	at sun.nio.ch.Net.bind0(Native Method)
	at sun.nio.ch.Net.bind(Net.java:433)
	at sun.nio.ch.Net.bind(Net.java:425)
	at sun.nio.ch.ServerSocketChannelImpl.bind(ServerSocketChannelImpl.java:223)
	at sun.nio.ch.ServerSocketAdaptor.bind(ServerSocketAdaptor.java:74)
	at org.apache.tomcat.util.net.NioEndpoint.initServerSocket(NioEndpoint.java:230)
	at org.apache.tomcat.util.net.NioEndpoint.bind(NioEndpoint.java:213)
	at org.apache.tomcat.util.net.AbstractEndpoint.bindWithCleanup(AbstractEndpoint.java:1124)
	at org.apache.tomcat.util.net.AbstractEndpoint.start(AbstractEndpoint.java:1210)
	at org.apache.coyote.AbstractProtocol.start(AbstractProtocol.java:585)
	at org.apache.catalina.connector.Connector.startInternal(Connector.java:1005)
	... 19 common frames omitted
2020-04-17 16:37:10.560 [restartedMain] INFO  org.apache.coyote.http11.Http11NioProtocol - Pausing ProtocolHandler ["http-nio-8080"]
2020-04-17 16:37:10.560 [restartedMain] INFO  org.apache.catalina.core.StandardService - Stopping service [Tomcat]
2020-04-17 16:37:10.569 [restartedMain] INFO  org.apache.catalina.util.LifecycleBase - The stop() method was called on component [StandardServer[-1]] after stop() had already been called. The second call will be ignored.
2020-04-17 16:37:10.569 [restartedMain] INFO  org.apache.coyote.http11.Http11NioProtocol - Stopping ProtocolHandler ["http-nio-8080"]
2020-04-17 16:37:10.569 [restartedMain] INFO  org.apache.coyote.http11.Http11NioProtocol - Destroying ProtocolHandler ["http-nio-8080"]
2020-04-17 16:37:10.573 [restartedMain] INFO  o.s.b.a.l.ConditionEvaluationReportLoggingListener - 

Error starting ApplicationContext. To display the conditions report re-run your application with 'debug' enabled.
2020-04-17 16:37:10.574 [restartedMain] ERROR o.s.b.diagnostics.LoggingFailureAnalysisReporter - 

***************************
APPLICATION FAILED TO START
***************************

Description:

The Tomcat connector configured to listen on port 8080 failed to start. The port may already be in use or the connector may be misconfigured.

Action:

Verify the connector's configuration, identify and stop any process that's listening on port 8080, or configure this application to listen on another port.

2020-04-17 16:37:10.579 [restartedMain] INFO  o.s.scheduling.concurrent.ThreadPoolTaskScheduler - Shutting down ExecutorService
2020-04-17 16:37:10.580 [restartedMain] INFO  o.s.scheduling.concurrent.ThreadPoolTaskExecutor - Shutting down ExecutorService 'applicationTaskExecutor'
2020-04-17 16:38:14.211 [restartedMain] INFO  com.ylsoft.SpringbootApplication - Starting SpringbootApplication on PC02-2016 with PID 9900 (F:\workspace\springboot\target\classes started by Administrator in F:\workspace\springboot)
2020-04-17 16:38:14.218 [restartedMain] INFO  com.ylsoft.SpringbootApplication - No active profile set, falling back to default profiles: default
2020-04-17 16:38:14.338 [restartedMain] INFO  o.s.b.d.env.DevToolsPropertyDefaultsPostProcessor - Devtools property defaults active! Set 'spring.devtools.add-properties' to 'false' to disable
2020-04-17 16:38:14.338 [restartedMain] INFO  o.s.b.d.env.DevToolsPropertyDefaultsPostProcessor - For additional web related logging consider setting the 'logging.level.web' property to 'DEBUG'
2020-04-17 16:38:17.138 [restartedMain] INFO  o.s.boot.web.embedded.tomcat.TomcatWebServer - Tomcat initialized with port(s): 8080 (http)
2020-04-17 16:38:17.161 [restartedMain] INFO  org.apache.coyote.http11.Http11NioProtocol - Initializing ProtocolHandler ["http-nio-8080"]
2020-04-17 16:38:17.178 [restartedMain] INFO  org.apache.catalina.core.StandardService - Starting service [Tomcat]
2020-04-17 16:38:17.178 [restartedMain] INFO  org.apache.catalina.core.StandardEngine - Starting Servlet engine: [Apache Tomcat/9.0.21]
2020-04-17 16:38:17.329 [restartedMain] INFO  o.a.c.core.ContainerBase.[Tomcat].[localhost].[/] - Initializing Spring embedded WebApplicationContext
2020-04-17 16:38:17.329 [restartedMain] INFO  org.springframework.web.context.ContextLoader - Root WebApplicationContext: initialization completed in 2991 ms
2020-04-17 16:38:17.913 [restartedMain] INFO  o.s.b.a.endpoint.web.ServletEndpointRegistrar - Registered '/ac/jolokia' to jolokia-actuator-endpoint
2020-04-17 16:38:18.154 [restartedMain] INFO  o.s.scheduling.concurrent.ThreadPoolTaskExecutor - Initializing ExecutorService 'applicationTaskExecutor'
2020-04-17 16:38:18.536 [restartedMain] INFO  o.s.scheduling.concurrent.ThreadPoolTaskScheduler - Initializing ExecutorService
2020-04-17 16:38:18.677 [restartedMain] INFO  o.s.b.d.autoconfigure.OptionalLiveReloadServer - LiveReload server is running on port 35729
2020-04-17 16:38:18.691 [restartedMain] INFO  o.s.b.actuate.endpoint.web.EndpointLinksResolver - Exposing 16 endpoint(s) beneath base path '/ac'
2020-04-17 16:38:18.766 [restartedMain] INFO  org.apache.coyote.http11.Http11NioProtocol - Starting ProtocolHandler ["http-nio-8080"]
2020-04-17 16:38:18.838 [restartedMain] INFO  o.s.boot.web.embedded.tomcat.TomcatWebServer - Tomcat started on port(s): 8080 (http) with context path ''
2020-04-17 16:38:18.842 [restartedMain] INFO  com.ylsoft.SpringbootApplication - Started SpringbootApplication in 5.091 seconds (JVM running for 5.784)
2020-04-17 16:38:19.511 [registrationTask1] INFO  d.c.b.a.client.registration.ApplicationRegistrator - Application registered itself as b22d7221d325
2020-04-17 16:38:19.680 [http-nio-8080-exec-1] INFO  o.a.c.core.ContainerBase.[Tomcat].[localhost].[/] - Initializing Spring DispatcherServlet 'dispatcherServlet'
2020-04-17 16:38:19.680 [http-nio-8080-exec-1] INFO  org.springframework.web.servlet.DispatcherServlet - Initializing Servlet 'dispatcherServlet'
2020-04-17 16:38:19.692 [http-nio-8080-exec-1] INFO  org.springframework.web.servlet.DispatcherServlet - Completed initialization in 12 ms
